 inputファイルを読み込み中: input_quick_off.dat
 inputファイルの読み込み完了
 通常モードで実行します
 生成された粒子数:           74
 セル法アルゴリズムを無効化: cell_size =    1.00000000000000     
Time=   0.000050 Z0(N)=     0.070070 V0(N)=    -0.000490
Time=   0.000100 Z0(N)=     0.070070 V0(N)=    -0.000981
Time=   0.000150 Z0(N)=     0.070070 V0(N)=    -0.001471
Time=   0.000200 Z0(N)=     0.070070 V0(N)=    -0.001961
Time=   0.000250 Z0(N)=     0.070070 V0(N)=    -0.002452
Time=   0.000300 Z0(N)=     0.070070 V0(N)=    -0.002942
Time=   0.000350 Z0(N)=     0.070069 V0(N)=    -0.003432
Time=   0.000400 Z0(N)=     0.070069 V0(N)=    -0.003923
Time=   0.000450 Z0(N)=     0.070069 V0(N)=    -0.004413
Time=   0.000500 Z0(N)=     0.070069 V0(N)=    -0.004903
Time=   0.000550 Z0(N)=     0.070069 V0(N)=    -0.005394
Time=   0.000600 Z0(N)=     0.070068 V0(N)=    -0.005884
Time=   0.000650 Z0(N)=     0.070068 V0(N)=    -0.006374
Time=   0.000700 Z0(N)=     0.070068 V0(N)=    -0.006865
Time=   0.000750 Z0(N)=     0.070067 V0(N)=    -0.007355
Time=   0.000800 Z0(N)=     0.070067 V0(N)=    -0.007845
Time=   0.000850 Z0(N)=     0.070066 V0(N)=    -0.008336
Time=   0.000900 Z0(N)=     0.070066 V0(N)=    -0.008826
Time=   0.000950 Z0(N)=     0.070066 V0(N)=    -0.009316
Time=   0.001000 Z0(N)=     0.070065 V0(N)=    -0.009807
Time=   0.001050 Z0(N)=     0.070065 V0(N)=    -0.010297
Time=   0.001100 Z0(N)=     0.070064 V0(N)=    -0.010787
Time=   0.001150 Z0(N)=     0.070064 V0(N)=    -0.011278
Time=   0.001200 Z0(N)=     0.070063 V0(N)=    -0.011768
Time=   0.001250 Z0(N)=     0.070062 V0(N)=    -0.012258
Time=   0.001300 Z0(N)=     0.070062 V0(N)=    -0.012749
Time=   0.001350 Z0(N)=     0.070061 V0(N)=    -0.013239
Time=   0.001400 Z0(N)=     0.070060 V0(N)=    -0.013729
Time=   0.001450 Z0(N)=     0.070060 V0(N)=    -0.014220
Time=   0.001500 Z0(N)=     0.070059 V0(N)=    -0.014710
Time=   0.001550 Z0(N)=     0.070058 V0(N)=    -0.015200
Time=   0.001600 Z0(N)=     0.070057 V0(N)=    -0.015691
Time=   0.001650 Z0(N)=     0.070057 V0(N)=    -0.016181
Time=   0.001700 Z0(N)=     0.070056 V0(N)=    -0.016671
Time=   0.001750 Z0(N)=     0.070055 V0(N)=    -0.017162
Time=   0.001800 Z0(N)=     0.070054 V0(N)=    -0.017652
Time=   0.001850 Z0(N)=     0.070053 V0(N)=    -0.018142
Time=   0.001900 Z0(N)=     0.070052 V0(N)=    -0.018633
Time=   0.001950 Z0(N)=     0.070051 V0(N)=    -0.019123
Time=   0.002000 Z0(N)=     0.070050 V0(N)=    -0.019613
Time=   0.002050 Z0(N)=     0.070049 V0(N)=    -0.020104
Time=   0.002100 Z0(N)=     0.070048 V0(N)=    -0.020594
Time=   0.002150 Z0(N)=     0.070047 V0(N)=    -0.021084
Time=   0.002200 Z0(N)=     0.070046 V0(N)=    -0.021575
Time=   0.002250 Z0(N)=     0.070045 V0(N)=    -0.022065
Time=   0.002300 Z0(N)=     0.070044 V0(N)=    -0.022555
Time=   0.002350 Z0(N)=     0.070043 V0(N)=    -0.023046
Time=   0.002400 Z0(N)=     0.070042 V0(N)=    -0.023536
Time=   0.002450 Z0(N)=     0.070041 V0(N)=    -0.024026
Time=   0.002500 Z0(N)=     0.070039 V0(N)=    -0.024517
 =================================
 シミュレーション実行結果
 =================================
 粒子数:           74
 計算ステップ数:         5001
 実行時間:   0.159299999475479       秒
 1ステップあたりの平均時間:   3.185362916926197E-005  秒
 セル法アルゴリズム: 無効化
 セルサイズ:    1.00000000000000     
 =================================
